# JRE version: Java(TM) SE Runtime Environment (7.0_80-b15) (build 1.7.0_80-b15)
# Java VM: Java HotSpot(TM) 64-Bit Server VM (24.80-b11 mixed mode linux-amd64 compressed oops)
Heap
 PSYoungGen      total 115200K, used 4577K [0x00000000eaa80000, 0x00000000f1f80000, 0x0000000100000000)
  eden space 110592K, 0% used [0x00000000eaa80000,0x00000000eaa80000,0x00000000f1680000)
  from space 4608K, 99% used [0x00000000f1680000,0x00000000f1af8478,0x00000000f1b00000)
  to   space 4608K, 0% used [0x00000000f1b00000,0x00000000f1b00000,0x00000000f1f80000)
 ParOldGen       total 73728K, used 37908K [0x00000000c0000000, 0x00000000c4800000, 0x00000000eaa80000)
  object space 73728K, 51% used [0x00000000c0000000,0x00000000c2505378,0x00000000c4800000)
 PSPermGen       total 21504K, used 5965K [0x00000000bae00000, 0x00000000bc300000, 0x00000000c0000000)
  object space 21504K, 27% used [0x00000000bae00000,0x00000000bb3d37d8,0x00000000bc300000)
GC Heap History (9 events):
Event: 1,000 GC heap before
{Heap before GC invocations=1 (full 0):
 PSYoungGen      total 32256K, used 27648K [0x00000000eaa80000, 0x00000000ece80000, 0x0000000100000000)
  eden space 27648K, 100% used [0x00000000eaa80000,0x00000000ec580000,0x00000000ec580000)
  from space 4608K, 0% used [0x00000000eca00000,0x00000000eca00000,0x00000000ece80000)
  to   space 4608K, 0% used [0x00000000ec580000,0x00000000ec580000,0x00000000eca00000)
 ParOldGen       total 73728K, used 0K [0x00000000c0000000, 0x00000000c4800000, 0x00000000eaa80000)
  object space 73728K, 0% used [0x00000000c0000000,0x00000000c0000000,0x00000000c4800000)
 PSPermGen       total 21504K, used 5641K [0x00000000bae00000, 0x00000000bc300000, 0x00000000c0000000)
  object space 21504K, 26% used [0x00000000bae00000,0x00000000bb3827a0,0x00000000bc300000)
Event: 1,031 GC heap after
Heap after GC invocations=1 (full 0):
 PSYoungGen      total 32256K, used 4601K [0x00000000eaa80000, 0x00000000ee980000, 0x0000000100000000)
  eden space 27648K, 0% used [0x00000000eaa80000,0x00000000eaa80000,0x00000000ec580000)
  from space 4608K, 99% used [0x00000000ec580000,0x00000000ec9fe430,0x00000000eca00000)
  to   space 4608K, 0% used [0x00000000ee500000,0x00000000ee500000,0x00000000ee980000)
 ParOldGen       total 73728K, used 665K [0x00000000c0000000, 0x00000000c4800000, 0x00000000eaa80000)
  object space 73728K, 0% used [0x00000000c0000000,0x00000000c00a64e0,0x00000000c4800000)
 PSPermGen       total 21504K, used 5641K [0x00000000bae00000, 0x00000000bc300000, 0x00000000c0000000)
  object space 21504K, 26% used [0x00000000bae00000,0x00000000bb3827a0,0x00000000bc300000)
}
Event: 1,593 GC heap before
{Heap before GC invocations=2 (full 0):
 PSYoungGen      total 32256K, used 32249K [0x00000000eaa80000, 0x00000000ee980000, 0x0000000100000000)
  eden space 27648K, 100% used [0x00000000eaa80000,0x00000000ec580000,0x00000000ec580000)
  from space 4608K, 99% used [0x00000000ec580000,0x00000000ec9fe430,0x00000000eca00000)
  to   space 4608K, 0% used [0x00000000ee500000,0x00000000ee500000,0x00000000ee980000)
 ParOldGen       total 73728K, used 665K [0x00000000c0000000, 0x00000000c4800000, 0x00000000eaa80000)
  object space 73728K, 0% used [0x00000000c0000000,0x00000000c00a64e0,0x00000000c4800000)
 PSPermGen       total 21504K, used 5776K [0x00000000bae00000, 0x00000000bc300000, 0x00000000c0000000)
  object space 21504K, 26% used [0x00000000bae00000,0x00000000bb3a4100,0x00000000bc300000)
Event: 1,611 GC heap after
Heap after GC invocations=2 (full 0):
 PSYoungGen      total 59904K, used 4580K [0x00000000eaa80000, 0x00000000ee980000, 0x0000000100000000)
  eden space 55296K, 0% used [0x00000000eaa80000,0x00000000eaa80000,0x00000000ee080000)
  from space 4608K, 99% used [0x00000000ee500000,0x00000000ee979130,0x00000000ee980000)
  to   space 4608K, 0% used [0x00000000ee080000,0x00000000ee080000,0x00000000ee500000)
 ParOldGen       total 73728K, used 3553K [0x00000000c0000000, 0x00000000c4800000, 0x00000000eaa80000)
  object space 73728K, 4% used [0x00000000c0000000,0x00000000c0378708,0x00000000c4800000)
 PSPermGen       total 21504K, used 5776K [0x00000000bae00000, 0x00000000bc300000, 0x00000000c0000000)
  object space 21504K, 26% used [0x00000000bae00000,0x00000000bb3a4100,0x00000000bc300000)
}
Event: 2,658 GC heap before
{Heap before GC invocations=3 (full 0):
 PSYoungGen      total 59904K, used 59876K [0x00000000eaa80000, 0x00000000ee980000, 0x0000000100000000)
  eden space 55296K, 100% used [0x00000000eaa80000,0x00000000ee080000,0x00000000ee080000)
  from space 4608K, 99% used [0x00000000ee500000,0x00000000ee979130,0x00000000ee980000)
  to   space 4608K, 0% used [0x00000000ee080000,0x00000000ee080000,0x00000000ee500000)
 ParOldGen       total 73728K, used 3553K [0x00000000c0000000, 0x00000000c4800000, 0x00000000eaa80000)
  object space 73728K, 4% used [0x00000000c0000000,0x00000000c0378708,0x00000000c4800000)
 PSPermGen       total 21504K, used 5828K [0x00000000bae00000, 0x00000000bc300000, 0x00000000c0000000)
  object space 21504K, 27% used [0x00000000bae00000,0x00000000bb3b1398,0x00000000bc300000)
Event: 2,719 GC heap after
Heap after GC invocations=3 (full 0):
 PSYoungGen      total 59904K, used 4577K [0x00000000eaa80000, 0x00000000f1f80000, 0x0000000100000000)
  eden space 55296K, 0% used [0x00000000eaa80000,0x00000000eaa80000,0x00000000ee080000)
  from space 4608K, 99% used [0x00000000ee080000,0x00000000ee4f8400,0x00000000ee500000)
  to   space 4608K, 0% used [0x00000000f1b00000,0x00000000f1b00000,0x00000000f1f80000)
 ParOldGen       total 73728K, used 12033K [0x00000000c0000000, 0x00000000c4800000, 0x00000000eaa80000)
  object space 73728K, 16% used [0x00000000c0000000,0x00000000c0bc05a8,0x00000000c4800000)
 PSPermGen       total 21504K, used 5828K [0x00000000bae00000, 0x00000000bc300000, 0x00000000c0000000)
  object space 21504K, 27% used [0x00000000bae00000,0x00000000bb3b1398,0x00000000bc300000)
}
Event: 3,686 GC heap before
{Heap before GC invocations=4 (full 0):
 PSYoungGen      total 59904K, used 59873K [0x00000000eaa80000, 0x00000000f1f80000, 0x0000000100000000)
  eden space 55296K, 100% used [0x00000000eaa80000,0x00000000ee080000,0x00000000ee080000)
  from space 4608K, 99% used [0x00000000ee080000,0x00000000ee4f8400,0x00000000ee500000)
  to   space 4608K, 0% used [0x00000000f1b00000,0x00000000f1b00000,0x00000000f1f80000)
 ParOldGen       total 73728K, used 12033K [0x00000000c0000000, 0x00000000c4800000, 0x00000000eaa80000)
  object space 73728K, 16% used [0x00000000c0000000,0x00000000c0bc05a8,0x00000000c4800000)
 PSPermGen       total 21504K, used 5879K [0x00000000bae00000, 0x00000000bc300000, 0x00000000c0000000)
  object space 21504K, 27% used [0x00000000bae00000,0x00000000bb3bdf50,0x00000000bc300000)
Event: 3,747 GC heap after
Heap after GC invocations=4 (full 0):
 PSYoungGen      total 115200K, used 4576K [0x00000000eaa80000, 0x00000000f1f80000, 0x0000000100000000)
  eden space 110592K, 0% used [0x00000000eaa80000,0x00000000eaa80000,0x00000000f1680000)
  from space 4608K, 99% used [0x00000000f1b00000,0x00000000f1f780e0,0x00000000f1f80000)
  to   space 4608K, 0% used [0x00000000f1680000,0x00000000f1680000,0x00000000f1b00000)
 ParOldGen       total 73728K, used 20633K [0x00000000c0000000, 0x00000000c4800000, 0x00000000eaa80000)
  object space 73728K, 27% used [0x00000000c0000000,0x00000000c1426740,0x00000000c4800000)
 PSPermGen       total 21504K, used 5879K [0x00000000bae00000, 0x00000000bc300000, 0x00000000c0000000)
  object space 21504K, 27% used [0x00000000bae00000,0x00000000bb3bdf50,0x00000000bc300000)
}
Event: 5,486 GC heap before
{Heap before GC invocations=5 (full 0):
 PSYoungGen      total 115200K, used 115168K [0x00000000eaa80000, 0x00000000f1f80000, 0x0000000100000000)
  eden space 110592K, 100% used [0x00000000eaa80000,0x00000000f1680000,0x00000000f1680000)
  from space 4608K, 99% used [0x00000000f1b00000,0x00000000f1f780e0,0x00000000f1f80000)
  to   space 4608K, 0% used [0x00000000f1680000,0x00000000f1680000,0x00000000f1b00000)
 ParOldGen       total 73728K, used 20633K [0x00000000c0000000, 0x00000000c4800000, 0x00000000eaa80000)
  object space 73728K, 27% used [0x00000000c0000000,0x00000000c1426740,0x00000000c4800000)
 PSPermGen       total 21504K, used 5965K [0x00000000bae00000, 0x00000000bc300000, 0x00000000c0000000)
  object space 21504K, 27% used [0x00000000bae00000,0x00000000bb3d37d8,0x00000000bc300000)

